{"C:\\Users\\Laura Godinho\\Documents\\UFMG\\Optativas\\Testes de software\\tp-testes-software-urna-eletronica\\entidades\\Candidato.js": {"path":"C:\\Users\\Laura Godinho\\Documents\\UFMG\\Optativas\\Testes de software\\tp-testes-software-urna-eletronica\\entidades\\Candidato.js","all":false,"statementMap":{"0":{"start":{"line":1,"column":0},"end":{"line":1,"column":17}},"1":{"start":{"line":2,"column":0},"end":{"line":2,"column":65}},"2":{"start":{"line":3,"column":0},"end":{"line":3,"column":21}},"3":{"start":{"line":4,"column":0},"end":{"line":4,"column":27}},"4":{"start":{"line":5,"column":0},"end":{"line":5,"column":25}},"5":{"start":{"line":6,"column":0},"end":{"line":6,"column":31}},"6":{"start":{"line":7,"column":0},"end":{"line":7,"column":41}},"7":{"start":{"line":8,"column":0},"end":{"line":8,"column":3}},"8":{"start":{"line":9,"column":0},"end":{"line":9,"column":0}},"9":{"start":{"line":10,"column":0},"end":{"line":10,"column":17}},"10":{"start":{"line":11,"column":0},"end":{"line":11,"column":22}},"11":{"start":{"line":12,"column":0},"end":{"line":12,"column":0}},"12":{"start":{"line":13,"column":0},"end":{"line":13,"column":21}},"13":{"start":{"line":14,"column":0},"end":{"line":14,"column":56}},"14":{"start":{"line":15,"column":0},"end":{"line":15,"column":47}},"15":{"start":{"line":16,"column":0},"end":{"line":16,"column":62}},"16":{"start":{"line":17,"column":0},"end":{"line":17,"column":41}},"17":{"start":{"line":18,"column":0},"end":{"line":18,"column":72}},"18":{"start":{"line":19,"column":0},"end":{"line":19,"column":40}},"19":{"start":{"line":20,"column":0},"end":{"line":20,"column":76}},"20":{"start":{"line":21,"column":0},"end":{"line":21,"column":12}},"21":{"start":{"line":22,"column":0},"end":{"line":22,"column":53}},"22":{"start":{"line":23,"column":0},"end":{"line":23,"column":34}},"23":{"start":{"line":24,"column":0},"end":{"line":24,"column":80}},"24":{"start":{"line":25,"column":0},"end":{"line":25,"column":7}},"25":{"start":{"line":26,"column":0},"end":{"line":26,"column":5}},"26":{"start":{"line":27,"column":0},"end":{"line":27,"column":0}},"27":{"start":{"line":28,"column":0},"end":{"line":28,"column":18}},"28":{"start":{"line":29,"column":0},"end":{"line":29,"column":3}},"29":{"start":{"line":30,"column":0},"end":{"line":30,"column":0}},"30":{"start":{"line":31,"column":0},"end":{"line":31,"column":20}},"31":{"start":{"line":32,"column":0},"end":{"line":32,"column":22}},"32":{"start":{"line":33,"column":0},"end":{"line":33,"column":0}},"33":{"start":{"line":34,"column":0},"end":{"line":34,"column":24}},"34":{"start":{"line":35,"column":0},"end":{"line":35,"column":48}},"35":{"start":{"line":36,"column":0},"end":{"line":36,"column":50}},"36":{"start":{"line":37,"column":0},"end":{"line":37,"column":49}},"37":{"start":{"line":38,"column":0},"end":{"line":38,"column":44}},"38":{"start":{"line":39,"column":0},"end":{"line":39,"column":105}},"39":{"start":{"line":40,"column":0},"end":{"line":40,"column":5}},"40":{"start":{"line":41,"column":0},"end":{"line":41,"column":0}},"41":{"start":{"line":42,"column":0},"end":{"line":42,"column":18}},"42":{"start":{"line":43,"column":0},"end":{"line":43,"column":3}},"43":{"start":{"line":44,"column":0},"end":{"line":44,"column":0}},"44":{"start":{"line":45,"column":0},"end":{"line":45,"column":19}},"45":{"start":{"line":46,"column":0},"end":{"line":46,"column":22}},"46":{"start":{"line":47,"column":0},"end":{"line":47,"column":0}},"47":{"start":{"line":48,"column":0},"end":{"line":48,"column":23}},"48":{"start":{"line":49,"column":0},"end":{"line":49,"column":58}},"49":{"start":{"line":50,"column":0},"end":{"line":50,"column":49}},"50":{"start":{"line":51,"column":0},"end":{"line":51,"column":64}},"51":{"start":{"line":52,"column":0},"end":{"line":52,"column":43}},"52":{"start":{"line":53,"column":0},"end":{"line":53,"column":74}},"53":{"start":{"line":54,"column":0},"end":{"line":54,"column":36}},"54":{"start":{"line":55,"column":0},"end":{"line":55,"column":71}},"55":{"start":{"line":56,"column":0},"end":{"line":56,"column":5}},"56":{"start":{"line":57,"column":0},"end":{"line":57,"column":0}},"57":{"start":{"line":58,"column":0},"end":{"line":58,"column":18}},"58":{"start":{"line":59,"column":0},"end":{"line":59,"column":3}},"59":{"start":{"line":60,"column":0},"end":{"line":60,"column":0}},"60":{"start":{"line":61,"column":0},"end":{"line":61,"column":22}},"61":{"start":{"line":62,"column":0},"end":{"line":62,"column":22}},"62":{"start":{"line":63,"column":0},"end":{"line":63,"column":0}},"63":{"start":{"line":64,"column":0},"end":{"line":64,"column":26}},"64":{"start":{"line":65,"column":0},"end":{"line":65,"column":65}},"65":{"start":{"line":66,"column":0},"end":{"line":66,"column":52}},"66":{"start":{"line":67,"column":0},"end":{"line":67,"column":71}},"67":{"start":{"line":68,"column":0},"end":{"line":68,"column":46}},"68":{"start":{"line":69,"column":0},"end":{"line":69,"column":81}},"69":{"start":{"line":70,"column":0},"end":{"line":70,"column":5}},"70":{"start":{"line":71,"column":0},"end":{"line":71,"column":0}},"71":{"start":{"line":72,"column":0},"end":{"line":72,"column":18}},"72":{"start":{"line":73,"column":0},"end":{"line":73,"column":3}},"73":{"start":{"line":74,"column":0},"end":{"line":74,"column":0}},"74":{"start":{"line":75,"column":0},"end":{"line":75,"column":27}},"75":{"start":{"line":76,"column":0},"end":{"line":76,"column":22}},"76":{"start":{"line":77,"column":0},"end":{"line":77,"column":0}},"77":{"start":{"line":78,"column":0},"end":{"line":78,"column":31}},"78":{"start":{"line":79,"column":0},"end":{"line":79,"column":54}},"79":{"start":{"line":80,"column":0},"end":{"line":80,"column":5}},"80":{"start":{"line":81,"column":0},"end":{"line":81,"column":47}},"81":{"start":{"line":82,"column":0},"end":{"line":82,"column":32}},"82":{"start":{"line":83,"column":0},"end":{"line":83,"column":49}},"83":{"start":{"line":84,"column":0},"end":{"line":84,"column":5}},"84":{"start":{"line":85,"column":0},"end":{"line":85,"column":0}},"85":{"start":{"line":86,"column":0},"end":{"line":86,"column":18}},"86":{"start":{"line":87,"column":0},"end":{"line":87,"column":3}},"87":{"start":{"line":88,"column":0},"end":{"line":88,"column":0}},"88":{"start":{"line":89,"column":0},"end":{"line":89,"column":13}},"89":{"start":{"line":90,"column":0},"end":{"line":90,"column":20}},"90":{"start":{"line":91,"column":0},"end":{"line":91,"column":28}},"91":{"start":{"line":92,"column":0},"end":{"line":92,"column":31}},"92":{"start":{"line":93,"column":0},"end":{"line":93,"column":30}},"93":{"start":{"line":94,"column":0},"end":{"line":94,"column":33}},"94":{"start":{"line":95,"column":0},"end":{"line":95,"column":37}},"95":{"start":{"line":96,"column":0},"end":{"line":96,"column":6}},"96":{"start":{"line":97,"column":0},"end":{"line":97,"column":18}},"97":{"start":{"line":98,"column":0},"end":{"line":98,"column":3}},"98":{"start":{"line":99,"column":0},"end":{"line":99,"column":1}},"99":{"start":{"line":100,"column":0},"end":{"line":100,"column":0}},"100":{"start":{"line":101,"column":0},"end":{"line":101,"column":21}}},"s":{"0":1,"1":1,"2":58,"3":58,"4":58,"5":58,"6":58,"7":58,"8":1,"9":1,"10":52,"11":52,"12":52,"13":4,"14":52,"15":2,"16":48,"17":2,"18":46,"19":2,"20":44,"21":42,"22":42,"23":3,"24":3,"25":42,"26":52,"27":52,"28":52,"29":1,"30":1,"31":52,"32":52,"33":52,"34":2,"35":52,"36":2,"37":50,"38":2,"39":2,"40":52,"41":52,"42":52,"43":1,"44":1,"45":52,"46":52,"47":52,"48":2,"49":52,"50":2,"51":50,"52":2,"53":48,"54":2,"55":2,"56":52,"57":52,"58":52,"59":1,"60":1,"61":52,"62":52,"63":52,"64":2,"65":52,"66":2,"67":50,"68":2,"69":2,"70":52,"71":52,"72":52,"73":1,"74":1,"75":52,"76":52,"77":52,"78":4,"79":4,"80":52,"81":52,"82":5,"83":5,"84":52,"85":52,"86":52,"87":1,"88":1,"89":52,"90":52,"91":52,"92":52,"93":52,"94":52,"95":52,"96":52,"97":52,"98":1,"99":1,"100":1},"branchMap":{"0":{"type":"branch","line":2,"loc":{"start":{"line":2,"column":2},"end":{"line":8,"column":3}},"locations":[{"start":{"line":2,"column":2},"end":{"line":8,"column":3}}]},"1":{"type":"branch","line":10,"loc":{"start":{"line":10,"column":2},"end":{"line":29,"column":3}},"locations":[{"start":{"line":10,"column":2},"end":{"line":29,"column":3}}]},"2":{"type":"branch","line":13,"loc":{"start":{"line":13,"column":20},"end":{"line":15,"column":5}},"locations":[{"start":{"line":13,"column":20},"end":{"line":15,"column":5}}]},"3":{"type":"branch","line":15,"loc":{"start":{"line":15,"column":5},"end":{"line":26,"column":5}},"locations":[{"start":{"line":15,"column":5},"end":{"line":26,"column":5}}]},"4":{"type":"branch","line":15,"loc":{"start":{"line":15,"column":46},"end":{"line":17,"column":5}},"locations":[{"start":{"line":15,"column":46},"end":{"line":17,"column":5}}]},"5":{"type":"branch","line":17,"loc":{"start":{"line":17,"column":5},"end":{"line":26,"column":5}},"locations":[{"start":{"line":17,"column":5},"end":{"line":26,"column":5}}]},"6":{"type":"branch","line":17,"loc":{"start":{"line":17,"column":40},"end":{"line":19,"column":5}},"locations":[{"start":{"line":17,"column":40},"end":{"line":19,"column":5}}]},"7":{"type":"branch","line":19,"loc":{"start":{"line":19,"column":5},"end":{"line":26,"column":5}},"locations":[{"start":{"line":19,"column":5},"end":{"line":26,"column":5}}]},"8":{"type":"branch","line":19,"loc":{"start":{"line":19,"column":39},"end":{"line":21,"column":5}},"locations":[{"start":{"line":19,"column":39},"end":{"line":21,"column":5}}]},"9":{"type":"branch","line":21,"loc":{"start":{"line":21,"column":5},"end":{"line":26,"column":5}},"locations":[{"start":{"line":21,"column":5},"end":{"line":26,"column":5}}]},"10":{"type":"branch","line":23,"loc":{"start":{"line":23,"column":33},"end":{"line":25,"column":7}},"locations":[{"start":{"line":23,"column":33},"end":{"line":25,"column":7}}]},"11":{"type":"branch","line":31,"loc":{"start":{"line":31,"column":2},"end":{"line":43,"column":3}},"locations":[{"start":{"line":31,"column":2},"end":{"line":43,"column":3}}]},"12":{"type":"branch","line":34,"loc":{"start":{"line":34,"column":23},"end":{"line":36,"column":5}},"locations":[{"start":{"line":34,"column":23},"end":{"line":36,"column":5}}]},"13":{"type":"branch","line":36,"loc":{"start":{"line":36,"column":5},"end":{"line":40,"column":5}},"locations":[{"start":{"line":36,"column":5},"end":{"line":40,"column":5}}]},"14":{"type":"branch","line":36,"loc":{"start":{"line":36,"column":49},"end":{"line":38,"column":5}},"locations":[{"start":{"line":36,"column":49},"end":{"line":38,"column":5}}]},"15":{"type":"branch","line":38,"loc":{"start":{"line":38,"column":5},"end":{"line":40,"column":5}},"locations":[{"start":{"line":38,"column":5},"end":{"line":40,"column":5}}]},"16":{"type":"branch","line":38,"loc":{"start":{"line":38,"column":43},"end":{"line":40,"column":5}},"locations":[{"start":{"line":38,"column":43},"end":{"line":40,"column":5}}]},"17":{"type":"branch","line":45,"loc":{"start":{"line":45,"column":2},"end":{"line":59,"column":3}},"locations":[{"start":{"line":45,"column":2},"end":{"line":59,"column":3}}]},"18":{"type":"branch","line":48,"loc":{"start":{"line":48,"column":22},"end":{"line":50,"column":5}},"locations":[{"start":{"line":48,"column":22},"end":{"line":50,"column":5}}]},"19":{"type":"branch","line":50,"loc":{"start":{"line":50,"column":5},"end":{"line":56,"column":5}},"locations":[{"start":{"line":50,"column":5},"end":{"line":56,"column":5}}]},"20":{"type":"branch","line":50,"loc":{"start":{"line":50,"column":48},"end":{"line":52,"column":5}},"locations":[{"start":{"line":50,"column":48},"end":{"line":52,"column":5}}]},"21":{"type":"branch","line":52,"loc":{"start":{"line":52,"column":5},"end":{"line":56,"column":5}},"locations":[{"start":{"line":52,"column":5},"end":{"line":56,"column":5}}]},"22":{"type":"branch","line":52,"loc":{"start":{"line":52,"column":42},"end":{"line":54,"column":5}},"locations":[{"start":{"line":52,"column":42},"end":{"line":54,"column":5}}]},"23":{"type":"branch","line":54,"loc":{"start":{"line":54,"column":5},"end":{"line":56,"column":5}},"locations":[{"start":{"line":54,"column":5},"end":{"line":56,"column":5}}]},"24":{"type":"branch","line":54,"loc":{"start":{"line":54,"column":35},"end":{"line":56,"column":5}},"locations":[{"start":{"line":54,"column":35},"end":{"line":56,"column":5}}]},"25":{"type":"branch","line":61,"loc":{"start":{"line":61,"column":2},"end":{"line":73,"column":3}},"locations":[{"start":{"line":61,"column":2},"end":{"line":73,"column":3}}]},"26":{"type":"branch","line":64,"loc":{"start":{"line":64,"column":25},"end":{"line":66,"column":5}},"locations":[{"start":{"line":64,"column":25},"end":{"line":66,"column":5}}]},"27":{"type":"branch","line":66,"loc":{"start":{"line":66,"column":5},"end":{"line":70,"column":5}},"locations":[{"start":{"line":66,"column":5},"end":{"line":70,"column":5}}]},"28":{"type":"branch","line":66,"loc":{"start":{"line":66,"column":51},"end":{"line":68,"column":5}},"locations":[{"start":{"line":66,"column":51},"end":{"line":68,"column":5}}]},"29":{"type":"branch","line":68,"loc":{"start":{"line":68,"column":5},"end":{"line":70,"column":5}},"locations":[{"start":{"line":68,"column":5},"end":{"line":70,"column":5}}]},"30":{"type":"branch","line":68,"loc":{"start":{"line":68,"column":45},"end":{"line":70,"column":5}},"locations":[{"start":{"line":68,"column":45},"end":{"line":70,"column":5}}]},"31":{"type":"branch","line":75,"loc":{"start":{"line":75,"column":2},"end":{"line":87,"column":3}},"locations":[{"start":{"line":75,"column":2},"end":{"line":87,"column":3}}]},"32":{"type":"branch","line":78,"loc":{"start":{"line":78,"column":30},"end":{"line":80,"column":5}},"locations":[{"start":{"line":78,"column":30},"end":{"line":80,"column":5}}]},"33":{"type":"branch","line":82,"loc":{"start":{"line":82,"column":31},"end":{"line":84,"column":5}},"locations":[{"start":{"line":82,"column":31},"end":{"line":84,"column":5}}]},"34":{"type":"branch","line":89,"loc":{"start":{"line":89,"column":2},"end":{"line":98,"column":3}},"locations":[{"start":{"line":89,"column":2},"end":{"line":98,"column":3}}]}},"b":{"0":[58],"1":[52],"2":[4],"3":[48],"4":[2],"5":[46],"6":[2],"7":[44],"8":[2],"9":[42],"10":[3],"11":[52],"12":[2],"13":[50],"14":[2],"15":[48],"16":[2],"17":[52],"18":[2],"19":[50],"20":[2],"21":[48],"22":[2],"23":[46],"24":[2],"25":[52],"26":[2],"27":[50],"28":[2],"29":[48],"30":[2],"31":[52],"32":[4],"33":[5],"34":[52]},"fnMap":{"0":{"name":"Candidato","decl":{"start":{"line":2,"column":2},"end":{"line":8,"column":3}},"loc":{"start":{"line":2,"column":2},"end":{"line":8,"column":3}},"line":2},"1":{"name":"validarNome","decl":{"start":{"line":10,"column":2},"end":{"line":29,"column":3}},"loc":{"start":{"line":10,"column":2},"end":{"line":29,"column":3}},"line":10},"2":{"name":"validarPartido","decl":{"start":{"line":31,"column":2},"end":{"line":43,"column":3}},"loc":{"start":{"line":31,"column":2},"end":{"line":43,"column":3}},"line":31},"3":{"name":"validarNumero","decl":{"start":{"line":45,"column":2},"end":{"line":59,"column":3}},"loc":{"start":{"line":45,"column":2},"end":{"line":59,"column":3}},"line":45},"4":{"name":"validarURLImagem","decl":{"start":{"line":61,"column":2},"end":{"line":73,"column":3}},"loc":{"start":{"line":61,"column":2},"end":{"line":73,"column":3}},"line":61},"5":{"name":"validarDataNascimento","decl":{"start":{"line":75,"column":2},"end":{"line":87,"column":3}},"loc":{"start":{"line":75,"column":2},"end":{"line":87,"column":3}},"line":75},"6":{"name":"validar","decl":{"start":{"line":89,"column":2},"end":{"line":98,"column":3}},"loc":{"start":{"line":89,"column":2},"end":{"line":98,"column":3}},"line":89}},"f":{"0":58,"1":52,"2":52,"3":52,"4":52,"5":52,"6":52}}
,"C:\\Users\\Laura Godinho\\Documents\\UFMG\\Optativas\\Testes de software\\tp-testes-software-urna-eletronica\\entidades\\Deputado.js": {"path":"C:\\Users\\Laura Godinho\\Documents\\UFMG\\Optativas\\Testes de software\\tp-testes-software-urna-eletronica\\entidades\\Deputado.js","all":false,"statementMap":{"0":{"start":{"line":1,"column":0},"end":{"line":1,"column":43}},"1":{"start":{"line":2,"column":0},"end":{"line":2,"column":0}},"2":{"start":{"line":3,"column":0},"end":{"line":3,"column":34}},"3":{"start":{"line":4,"column":0},"end":{"line":4,"column":65}},"4":{"start":{"line":5,"column":0},"end":{"line":5,"column":60}},"5":{"start":{"line":6,"column":0},"end":{"line":6,"column":76}},"6":{"start":{"line":7,"column":0},"end":{"line":7,"column":3}},"7":{"start":{"line":8,"column":0},"end":{"line":8,"column":0}},"8":{"start":{"line":9,"column":0},"end":{"line":9,"column":13}},"9":{"start":{"line":10,"column":0},"end":{"line":10,"column":35}},"10":{"start":{"line":11,"column":0},"end":{"line":11,"column":2}},"11":{"start":{"line":12,"column":0},"end":{"line":12,"column":35}},"12":{"start":{"line":13,"column":0},"end":{"line":13,"column":59}},"13":{"start":{"line":14,"column":0},"end":{"line":14,"column":5}},"14":{"start":{"line":15,"column":0},"end":{"line":15,"column":57}},"15":{"start":{"line":16,"column":0},"end":{"line":16,"column":28}},"16":{"start":{"line":17,"column":0},"end":{"line":17,"column":4}},"17":{"start":{"line":18,"column":0},"end":{"line":18,"column":68}},"18":{"start":{"line":19,"column":0},"end":{"line":19,"column":71}},"19":{"start":{"line":20,"column":0},"end":{"line":20,"column":69}},"20":{"start":{"line":21,"column":0},"end":{"line":21,"column":2}},"21":{"start":{"line":22,"column":0},"end":{"line":22,"column":8}},"22":{"start":{"line":23,"column":0},"end":{"line":23,"column":19}},"23":{"start":{"line":24,"column":0},"end":{"line":24,"column":92}},"24":{"start":{"line":25,"column":0},"end":{"line":25,"column":7}},"25":{"start":{"line":26,"column":0},"end":{"line":26,"column":84}},"26":{"start":{"line":27,"column":0},"end":{"line":27,"column":5}},"27":{"start":{"line":28,"column":0},"end":{"line":28,"column":2}},"28":{"start":{"line":29,"column":0},"end":{"line":29,"column":18}},"29":{"start":{"line":30,"column":0},"end":{"line":30,"column":3}},"30":{"start":{"line":31,"column":0},"end":{"line":31,"column":0}},"31":{"start":{"line":32,"column":0},"end":{"line":32,"column":1}},"32":{"start":{"line":33,"column":0},"end":{"line":33,"column":0}},"33":{"start":{"line":34,"column":0},"end":{"line":34,"column":20}}},"s":{"0":1,"1":1,"2":1,"3":1,"4":22,"5":22,"6":22,"7":1,"8":1,"9":21,"10":21,"11":21,"12":5,"13":5,"14":21,"15":21,"16":21,"17":21,"18":21,"19":21,"20":21,"21":21,"22":21,"23":20,"24":21,"25":2,"26":2,"27":21,"28":21,"29":21,"30":1,"31":1,"32":1,"33":1},"branchMap":{"0":{"type":"branch","line":4,"loc":{"start":{"line":4,"column":2},"end":{"line":7,"column":3}},"locations":[{"start":{"line":4,"column":2},"end":{"line":7,"column":3}}]},"1":{"type":"branch","line":9,"loc":{"start":{"line":9,"column":2},"end":{"line":30,"column":3}},"locations":[{"start":{"line":9,"column":2},"end":{"line":30,"column":3}}]},"2":{"type":"branch","line":12,"loc":{"start":{"line":12,"column":34},"end":{"line":14,"column":5}},"locations":[{"start":{"line":12,"column":34},"end":{"line":14,"column":5}}]},"3":{"type":"branch","line":23,"loc":{"start":{"line":23,"column":16},"end":{"line":24,"column":92}},"locations":[{"start":{"line":23,"column":16},"end":{"line":24,"column":92}}]},"4":{"type":"branch","line":24,"loc":{"start":{"line":24,"column":19},"end":{"line":24,"column":92}},"locations":[{"start":{"line":24,"column":19},"end":{"line":24,"column":92}}]},"5":{"type":"branch","line":24,"loc":{"start":{"line":24,"column":42},"end":{"line":24,"column":90}},"locations":[{"start":{"line":24,"column":42},"end":{"line":24,"column":90}}]},"6":{"type":"branch","line":25,"loc":{"start":{"line":25,"column":6},"end":{"line":27,"column":5}},"locations":[{"start":{"line":25,"column":6},"end":{"line":27,"column":5}}]}},"b":{"0":[22],"1":[21],"2":[5],"3":[20],"4":[18],"5":[17],"6":[2]},"fnMap":{"0":{"name":"Deputado","decl":{"start":{"line":4,"column":2},"end":{"line":7,"column":3}},"loc":{"start":{"line":4,"column":2},"end":{"line":7,"column":3}},"line":4},"1":{"name":"validar","decl":{"start":{"line":9,"column":2},"end":{"line":30,"column":3}},"loc":{"start":{"line":9,"column":2},"end":{"line":30,"column":3}},"line":9}},"f":{"0":22,"1":21}}
,"C:\\Users\\Laura Godinho\\Documents\\UFMG\\Optativas\\Testes de software\\tp-testes-software-urna-eletronica\\entidades\\Presidente.js": {"path":"C:\\Users\\Laura Godinho\\Documents\\UFMG\\Optativas\\Testes de software\\tp-testes-software-urna-eletronica\\entidades\\Presidente.js","all":false,"statementMap":{"0":{"start":{"line":1,"column":0},"end":{"line":1,"column":43}},"1":{"start":{"line":2,"column":0},"end":{"line":2,"column":0}},"2":{"start":{"line":3,"column":0},"end":{"line":3,"column":36}},"3":{"start":{"line":4,"column":0},"end":{"line":4,"column":65}},"4":{"start":{"line":5,"column":0},"end":{"line":5,"column":60}},"5":{"start":{"line":6,"column":0},"end":{"line":6,"column":0}},"6":{"start":{"line":7,"column":0},"end":{"line":7,"column":3}},"7":{"start":{"line":8,"column":0},"end":{"line":8,"column":0}},"8":{"start":{"line":9,"column":0},"end":{"line":9,"column":13}},"9":{"start":{"line":10,"column":0},"end":{"line":10,"column":35}},"10":{"start":{"line":11,"column":0},"end":{"line":11,"column":0}},"11":{"start":{"line":12,"column":0},"end":{"line":12,"column":35}},"12":{"start":{"line":13,"column":0},"end":{"line":13,"column":61}},"13":{"start":{"line":14,"column":0},"end":{"line":14,"column":5}},"14":{"start":{"line":15,"column":0},"end":{"line":15,"column":0}},"15":{"start":{"line":16,"column":0},"end":{"line":16,"column":57}},"16":{"start":{"line":17,"column":0},"end":{"line":17,"column":28}},"17":{"start":{"line":18,"column":0},"end":{"line":18,"column":0}},"18":{"start":{"line":19,"column":0},"end":{"line":19,"column":68}},"19":{"start":{"line":20,"column":0},"end":{"line":20,"column":71}},"20":{"start":{"line":21,"column":0},"end":{"line":21,"column":69}},"21":{"start":{"line":22,"column":0},"end":{"line":22,"column":0}},"22":{"start":{"line":23,"column":0},"end":{"line":23,"column":8}},"23":{"start":{"line":24,"column":0},"end":{"line":24,"column":19}},"24":{"start":{"line":25,"column":0},"end":{"line":25,"column":92}},"25":{"start":{"line":26,"column":0},"end":{"line":26,"column":7}},"26":{"start":{"line":27,"column":0},"end":{"line":27,"column":86}},"27":{"start":{"line":28,"column":0},"end":{"line":28,"column":5}},"28":{"start":{"line":29,"column":0},"end":{"line":29,"column":0}},"29":{"start":{"line":30,"column":0},"end":{"line":30,"column":18}},"30":{"start":{"line":31,"column":0},"end":{"line":31,"column":0}},"31":{"start":{"line":32,"column":0},"end":{"line":32,"column":3}},"32":{"start":{"line":33,"column":0},"end":{"line":33,"column":0}},"33":{"start":{"line":34,"column":0},"end":{"line":34,"column":43}},"34":{"start":{"line":35,"column":0},"end":{"line":35,"column":49}},"35":{"start":{"line":36,"column":0},"end":{"line":36,"column":50}},"36":{"start":{"line":37,"column":0},"end":{"line":37,"column":5}},"37":{"start":{"line":38,"column":0},"end":{"line":38,"column":50}},"38":{"start":{"line":39,"column":0},"end":{"line":39,"column":70}},"39":{"start":{"line":40,"column":0},"end":{"line":40,"column":54}},"40":{"start":{"line":41,"column":0},"end":{"line":41,"column":56}},"41":{"start":{"line":42,"column":0},"end":{"line":42,"column":60}},"42":{"start":{"line":43,"column":0},"end":{"line":43,"column":3}},"43":{"start":{"line":44,"column":0},"end":{"line":44,"column":1}},"44":{"start":{"line":45,"column":0},"end":{"line":45,"column":0}},"45":{"start":{"line":46,"column":0},"end":{"line":46,"column":22}}},"s":{"0":1,"1":1,"2":1,"3":1,"4":10,"5":10,"6":10,"7":1,"8":1,"9":7,"10":7,"11":7,"12":2,"13":2,"14":7,"15":7,"16":7,"17":7,"18":7,"19":7,"20":7,"21":7,"22":7,"23":7,"24":6,"25":7,"26":2,"27":2,"28":7,"29":7,"30":7,"31":7,"32":1,"33":1,"34":2,"35":1,"36":1,"37":1,"38":1,"39":1,"40":1,"41":1,"42":1,"43":1,"44":1,"45":1},"branchMap":{"0":{"type":"branch","line":4,"loc":{"start":{"line":4,"column":2},"end":{"line":7,"column":3}},"locations":[{"start":{"line":4,"column":2},"end":{"line":7,"column":3}}]},"1":{"type":"branch","line":9,"loc":{"start":{"line":9,"column":2},"end":{"line":32,"column":3}},"locations":[{"start":{"line":9,"column":2},"end":{"line":32,"column":3}}]},"2":{"type":"branch","line":12,"loc":{"start":{"line":12,"column":34},"end":{"line":14,"column":5}},"locations":[{"start":{"line":12,"column":34},"end":{"line":14,"column":5}}]},"3":{"type":"branch","line":24,"loc":{"start":{"line":24,"column":16},"end":{"line":25,"column":92}},"locations":[{"start":{"line":24,"column":16},"end":{"line":25,"column":92}}]},"4":{"type":"branch","line":25,"loc":{"start":{"line":25,"column":19},"end":{"line":25,"column":92}},"locations":[{"start":{"line":25,"column":19},"end":{"line":25,"column":92}}]},"5":{"type":"branch","line":25,"loc":{"start":{"line":25,"column":42},"end":{"line":25,"column":90}},"locations":[{"start":{"line":25,"column":42},"end":{"line":25,"column":90}}]},"6":{"type":"branch","line":26,"loc":{"start":{"line":26,"column":6},"end":{"line":28,"column":5}},"locations":[{"start":{"line":26,"column":6},"end":{"line":28,"column":5}}]},"7":{"type":"branch","line":34,"loc":{"start":{"line":34,"column":2},"end":{"line":43,"column":3}},"locations":[{"start":{"line":34,"column":2},"end":{"line":43,"column":3}}]},"8":{"type":"branch","line":35,"loc":{"start":{"line":35,"column":48},"end":{"line":43,"column":3}},"locations":[{"start":{"line":35,"column":48},"end":{"line":43,"column":3}}]}},"b":{"0":[10],"1":[7],"2":[2],"3":[6],"4":[2],"5":[1],"6":[2],"7":[2],"8":[1]},"fnMap":{"0":{"name":"Presidente","decl":{"start":{"line":4,"column":2},"end":{"line":7,"column":3}},"loc":{"start":{"line":4,"column":2},"end":{"line":7,"column":3}},"line":4},"1":{"name":"validar","decl":{"start":{"line":9,"column":2},"end":{"line":32,"column":3}},"loc":{"start":{"line":9,"column":2},"end":{"line":32,"column":3}},"line":9},"2":{"name":"adicionarVicePresidente","decl":{"start":{"line":34,"column":2},"end":{"line":43,"column":3}},"loc":{"start":{"line":34,"column":2},"end":{"line":43,"column":3}},"line":34}},"f":{"0":10,"1":7,"2":2}}
,"C:\\Users\\Laura Godinho\\Documents\\UFMG\\Optativas\\Testes de software\\tp-testes-software-urna-eletronica\\entidades\\Relatorio.js": {"path":"C:\\Users\\Laura Godinho\\Documents\\UFMG\\Optativas\\Testes de software\\tp-testes-software-urna-eletronica\\entidades\\Relatorio.js","all":false,"statementMap":{"0":{"start":{"line":1,"column":0},"end":{"line":1,"column":17}},"1":{"start":{"line":2,"column":0},"end":{"line":2,"column":58}},"2":{"start":{"line":3,"column":0},"end":{"line":3,"column":43}},"3":{"start":{"line":4,"column":0},"end":{"line":4,"column":35}},"4":{"start":{"line":5,"column":0},"end":{"line":5,"column":43}},"5":{"start":{"line":6,"column":0},"end":{"line":6,"column":5}},"6":{"start":{"line":7,"column":0},"end":{"line":7,"column":0}},"7":{"start":{"line":8,"column":0},"end":{"line":8,"column":0}},"8":{"start":{"line":9,"column":0},"end":{"line":9,"column":15}},"9":{"start":{"line":10,"column":0},"end":{"line":10,"column":25}},"10":{"start":{"line":11,"column":0},"end":{"line":11,"column":34}},"11":{"start":{"line":12,"column":0},"end":{"line":12,"column":77}},"12":{"start":{"line":13,"column":0},"end":{"line":13,"column":60}},"13":{"start":{"line":14,"column":0},"end":{"line":14,"column":70}},"14":{"start":{"line":15,"column":0},"end":{"line":15,"column":91}},"15":{"start":{"line":16,"column":0},"end":{"line":16,"column":87}},"16":{"start":{"line":17,"column":0},"end":{"line":17,"column":53}},"17":{"start":{"line":18,"column":0},"end":{"line":18,"column":79}},"18":{"start":{"line":19,"column":0},"end":{"line":19,"column":9}},"19":{"start":{"line":20,"column":0},"end":{"line":20,"column":4}},"20":{"start":{"line":21,"column":0},"end":{"line":21,"column":35}},"21":{"start":{"line":22,"column":0},"end":{"line":22,"column":44}},"22":{"start":{"line":23,"column":0},"end":{"line":23,"column":94}},"23":{"start":{"line":24,"column":0},"end":{"line":24,"column":9}},"24":{"start":{"line":25,"column":0},"end":{"line":25,"column":4}},"25":{"start":{"line":26,"column":0},"end":{"line":26,"column":83}},"26":{"start":{"line":27,"column":0},"end":{"line":27,"column":45}},"27":{"start":{"line":28,"column":0},"end":{"line":28,"column":47}},"28":{"start":{"line":29,"column":0},"end":{"line":29,"column":9}},"29":{"start":{"line":30,"column":0},"end":{"line":30,"column":4}},"30":{"start":{"line":31,"column":0},"end":{"line":31,"column":21}},"31":{"start":{"line":32,"column":0},"end":{"line":32,"column":5}},"32":{"start":{"line":33,"column":0},"end":{"line":33,"column":0}},"33":{"start":{"line":34,"column":0},"end":{"line":34,"column":31}},"34":{"start":{"line":35,"column":0},"end":{"line":35,"column":38}},"35":{"start":{"line":36,"column":0},"end":{"line":36,"column":0}},"36":{"start":{"line":37,"column":0},"end":{"line":37,"column":83}},"37":{"start":{"line":38,"column":0},"end":{"line":38,"column":53}},"38":{"start":{"line":39,"column":0},"end":{"line":39,"column":0}},"39":{"start":{"line":40,"column":0},"end":{"line":40,"column":64}},"40":{"start":{"line":41,"column":0},"end":{"line":41,"column":31}},"41":{"start":{"line":42,"column":0},"end":{"line":42,"column":131}},"42":{"start":{"line":43,"column":0},"end":{"line":43,"column":9}},"43":{"start":{"line":44,"column":0},"end":{"line":44,"column":0}},"44":{"start":{"line":45,"column":0},"end":{"line":45,"column":61}},"45":{"start":{"line":46,"column":0},"end":{"line":46,"column":45}},"46":{"start":{"line":47,"column":0},"end":{"line":47,"column":0}},"47":{"start":{"line":48,"column":0},"end":{"line":48,"column":55}},"48":{"start":{"line":49,"column":0},"end":{"line":49,"column":32}},"49":{"start":{"line":50,"column":0},"end":{"line":50,"column":103}},"50":{"start":{"line":51,"column":0},"end":{"line":51,"column":9}},"51":{"start":{"line":52,"column":0},"end":{"line":52,"column":0}},"52":{"start":{"line":53,"column":0},"end":{"line":53,"column":18}},"53":{"start":{"line":54,"column":0},"end":{"line":54,"column":48}},"54":{"start":{"line":55,"column":0},"end":{"line":55,"column":37}},"55":{"start":{"line":56,"column":0},"end":{"line":56,"column":43}},"56":{"start":{"line":57,"column":0},"end":{"line":57,"column":9}},"57":{"start":{"line":58,"column":0},"end":{"line":58,"column":16}},"58":{"start":{"line":59,"column":0},"end":{"line":59,"column":20}},"59":{"start":{"line":60,"column":0},"end":{"line":60,"column":25}},"60":{"start":{"line":61,"column":0},"end":{"line":61,"column":26}},"61":{"start":{"line":62,"column":0},"end":{"line":62,"column":20}},"62":{"start":{"line":63,"column":0},"end":{"line":63,"column":22}},"63":{"start":{"line":64,"column":0},"end":{"line":64,"column":13}},"64":{"start":{"line":65,"column":0},"end":{"line":65,"column":16}},"65":{"start":{"line":66,"column":0},"end":{"line":66,"column":23}},"66":{"start":{"line":67,"column":0},"end":{"line":67,"column":9}},"67":{"start":{"line":68,"column":0},"end":{"line":68,"column":49}},"68":{"start":{"line":69,"column":0},"end":{"line":69,"column":37}},"69":{"start":{"line":70,"column":0},"end":{"line":70,"column":123}},"70":{"start":{"line":71,"column":0},"end":{"line":71,"column":9}},"71":{"start":{"line":72,"column":0},"end":{"line":72,"column":0}},"72":{"start":{"line":73,"column":0},"end":{"line":73,"column":23}},"73":{"start":{"line":74,"column":0},"end":{"line":74,"column":47}},"74":{"start":{"line":75,"column":0},"end":{"line":75,"column":38}},"75":{"start":{"line":76,"column":0},"end":{"line":76,"column":45}},"76":{"start":{"line":77,"column":0},"end":{"line":77,"column":9}},"77":{"start":{"line":78,"column":0},"end":{"line":78,"column":17}},"78":{"start":{"line":79,"column":0},"end":{"line":79,"column":21}},"79":{"start":{"line":80,"column":0},"end":{"line":80,"column":25}},"80":{"start":{"line":81,"column":0},"end":{"line":81,"column":28}},"81":{"start":{"line":82,"column":0},"end":{"line":82,"column":20}},"82":{"start":{"line":83,"column":0},"end":{"line":83,"column":23}},"83":{"start":{"line":84,"column":0},"end":{"line":84,"column":13}},"84":{"start":{"line":85,"column":0},"end":{"line":85,"column":16}},"85":{"start":{"line":86,"column":0},"end":{"line":86,"column":25}},"86":{"start":{"line":87,"column":0},"end":{"line":87,"column":9}},"87":{"start":{"line":88,"column":0},"end":{"line":88,"column":48}},"88":{"start":{"line":89,"column":0},"end":{"line":89,"column":38}},"89":{"start":{"line":90,"column":0},"end":{"line":90,"column":122}},"90":{"start":{"line":91,"column":0},"end":{"line":91,"column":9}},"91":{"start":{"line":92,"column":0},"end":{"line":92,"column":0}},"92":{"start":{"line":93,"column":0},"end":{"line":93,"column":7}},"93":{"start":{"line":94,"column":0},"end":{"line":94,"column":0}},"94":{"start":{"line":95,"column":0},"end":{"line":95,"column":0}},"95":{"start":{"line":96,"column":0},"end":{"line":96,"column":34}},"96":{"start":{"line":97,"column":0},"end":{"line":97,"column":5}},"97":{"start":{"line":98,"column":0},"end":{"line":98,"column":1}},"98":{"start":{"line":99,"column":0},"end":{"line":99,"column":21}}},"s":{"0":1,"1":1,"2":8,"3":8,"4":8,"5":8,"6":1,"7":1,"8":1,"9":8,"10":8,"11":1,"12":8,"13":1,"14":7,"15":1,"16":6,"17":1,"18":1,"19":8,"20":8,"21":8,"22":8,"23":8,"24":8,"25":8,"26":8,"27":8,"28":8,"29":8,"30":8,"31":8,"32":1,"33":1,"34":8,"35":8,"36":8,"37":8,"38":8,"39":8,"40":8,"41":1,"42":1,"43":8,"44":8,"45":8,"46":8,"47":8,"48":8,"49":7,"50":7,"51":8,"52":8,"53":8,"54":8,"55":64,"56":64,"57":8,"58":8,"59":0,"60":0,"61":0,"62":0,"63":0,"64":8,"65":8,"66":8,"67":8,"68":8,"69":8,"70":8,"71":8,"72":8,"73":8,"74":8,"75":16,"76":16,"77":8,"78":8,"79":0,"80":0,"81":0,"82":0,"83":0,"84":8,"85":8,"86":8,"87":8,"88":8,"89":8,"90":8,"91":8,"92":8,"93":8,"94":8,"95":8,"96":8,"97":1,"98":1},"branchMap":{"0":{"type":"branch","line":2,"loc":{"start":{"line":2,"column":4},"end":{"line":6,"column":5}},"locations":[{"start":{"line":2,"column":4},"end":{"line":6,"column":5}}]},"1":{"type":"branch","line":9,"loc":{"start":{"line":9,"column":4},"end":{"line":32,"column":5}},"locations":[{"start":{"line":9,"column":4},"end":{"line":32,"column":5}}]},"2":{"type":"branch","line":11,"loc":{"start":{"line":11,"column":33},"end":{"line":13,"column":9}},"locations":[{"start":{"line":11,"column":33},"end":{"line":13,"column":9}}]},"3":{"type":"branch","line":13,"loc":{"start":{"line":13,"column":9},"end":{"line":19,"column":9}},"locations":[{"start":{"line":13,"column":9},"end":{"line":19,"column":9}}]},"4":{"type":"branch","line":13,"loc":{"start":{"line":13,"column":59},"end":{"line":15,"column":9}},"locations":[{"start":{"line":13,"column":59},"end":{"line":15,"column":9}}]},"5":{"type":"branch","line":15,"loc":{"start":{"line":15,"column":9},"end":{"line":19,"column":9}},"locations":[{"start":{"line":15,"column":9},"end":{"line":19,"column":9}}]},"6":{"type":"branch","line":15,"loc":{"start":{"line":15,"column":51},"end":{"line":15,"column":88}},"locations":[{"start":{"line":15,"column":51},"end":{"line":15,"column":88}}]},"7":{"type":"branch","line":15,"loc":{"start":{"line":15,"column":90},"end":{"line":17,"column":9}},"locations":[{"start":{"line":15,"column":90},"end":{"line":17,"column":9}}]},"8":{"type":"branch","line":17,"loc":{"start":{"line":17,"column":9},"end":{"line":19,"column":9}},"locations":[{"start":{"line":17,"column":9},"end":{"line":19,"column":9}}]},"9":{"type":"branch","line":17,"loc":{"start":{"line":17,"column":52},"end":{"line":19,"column":9}},"locations":[{"start":{"line":17,"column":52},"end":{"line":19,"column":9}}]},"10":{"type":"branch","line":34,"loc":{"start":{"line":34,"column":4},"end":{"line":97,"column":5}},"locations":[{"start":{"line":34,"column":4},"end":{"line":97,"column":5}}]},"11":{"type":"branch","line":41,"loc":{"start":{"line":41,"column":30},"end":{"line":43,"column":9}},"locations":[{"start":{"line":41,"column":30},"end":{"line":43,"column":9}}]},"12":{"type":"branch","line":49,"loc":{"start":{"line":49,"column":31},"end":{"line":51,"column":9}},"locations":[{"start":{"line":49,"column":31},"end":{"line":51,"column":9}}]},"13":{"type":"branch","line":55,"loc":{"start":{"line":55,"column":36},"end":{"line":57,"column":9}},"locations":[{"start":{"line":55,"column":36},"end":{"line":57,"column":9}}]},"14":{"type":"branch","line":59,"loc":{"start":{"line":59,"column":19},"end":{"line":65,"column":9}},"locations":[{"start":{"line":59,"column":19},"end":{"line":65,"column":9}}]},"15":{"type":"branch","line":75,"loc":{"start":{"line":75,"column":37},"end":{"line":77,"column":9}},"locations":[{"start":{"line":75,"column":37},"end":{"line":77,"column":9}}]},"16":{"type":"branch","line":79,"loc":{"start":{"line":79,"column":20},"end":{"line":85,"column":9}},"locations":[{"start":{"line":79,"column":20},"end":{"line":85,"column":9}}]}},"b":{"0":[8],"1":[8],"2":[1],"3":[7],"4":[1],"5":[6],"6":[5],"7":[1],"8":[5],"9":[1],"10":[8],"11":[1],"12":[7],"13":[64],"14":[0],"15":[16],"16":[0]},"fnMap":{"0":{"name":"Relatorio","decl":{"start":{"line":2,"column":4},"end":{"line":6,"column":5}},"loc":{"start":{"line":2,"column":4},"end":{"line":6,"column":5}},"line":2},"1":{"name":"validar","decl":{"start":{"line":9,"column":4},"end":{"line":32,"column":5}},"loc":{"start":{"line":9,"column":4},"end":{"line":32,"column":5}},"line":9},"2":{"name":"validateTituloEleitor","decl":{"start":{"line":34,"column":4},"end":{"line":97,"column":5}},"loc":{"start":{"line":34,"column":4},"end":{"line":97,"column":5}},"line":34}},"f":{"0":8,"1":8,"2":8}}
,"C:\\Users\\Laura Godinho\\Documents\\UFMG\\Optativas\\Testes de software\\tp-testes-software-urna-eletronica\\entidades\\Voto.js": {"path":"C:\\Users\\Laura Godinho\\Documents\\UFMG\\Optativas\\Testes de software\\tp-testes-software-urna-eletronica\\entidades\\Voto.js","all":false,"statementMap":{"0":{"start":{"line":1,"column":0},"end":{"line":1,"column":12}},"1":{"start":{"line":2,"column":0},"end":{"line":2,"column":51}},"2":{"start":{"line":3,"column":0},"end":{"line":3,"column":5}},"3":{"start":{"line":4,"column":0},"end":{"line":4,"column":49}},"4":{"start":{"line":5,"column":0},"end":{"line":5,"column":45}},"5":{"start":{"line":6,"column":0},"end":{"line":6,"column":35}},"6":{"start":{"line":7,"column":0},"end":{"line":7,"column":5}},"7":{"start":{"line":8,"column":0},"end":{"line":8,"column":0}},"8":{"start":{"line":9,"column":0},"end":{"line":9,"column":47}},"9":{"start":{"line":10,"column":0},"end":{"line":10,"column":23}},"10":{"start":{"line":11,"column":0},"end":{"line":11,"column":0}},"11":{"start":{"line":12,"column":0},"end":{"line":12,"column":40}},"12":{"start":{"line":13,"column":0},"end":{"line":13,"column":64}},"13":{"start":{"line":14,"column":0},"end":{"line":14,"column":9}},"14":{"start":{"line":15,"column":0},"end":{"line":15,"column":116}},"15":{"start":{"line":16,"column":0},"end":{"line":16,"column":66}},"16":{"start":{"line":17,"column":0},"end":{"line":17,"column":9}},"17":{"start":{"line":18,"column":0},"end":{"line":18,"column":85}},"18":{"start":{"line":19,"column":0},"end":{"line":19,"column":65}},"19":{"start":{"line":20,"column":0},"end":{"line":20,"column":9}},"20":{"start":{"line":21,"column":0},"end":{"line":21,"column":38}},"21":{"start":{"line":22,"column":0},"end":{"line":22,"column":62}},"22":{"start":{"line":23,"column":0},"end":{"line":23,"column":9}},"23":{"start":{"line":24,"column":0},"end":{"line":24,"column":110}},"24":{"start":{"line":25,"column":0},"end":{"line":25,"column":64}},"25":{"start":{"line":26,"column":0},"end":{"line":26,"column":9}},"26":{"start":{"line":27,"column":0},"end":{"line":27,"column":81}},"27":{"start":{"line":28,"column":0},"end":{"line":28,"column":63}},"28":{"start":{"line":29,"column":0},"end":{"line":29,"column":9}},"29":{"start":{"line":30,"column":0},"end":{"line":30,"column":0}},"30":{"start":{"line":31,"column":0},"end":{"line":31,"column":21}},"31":{"start":{"line":32,"column":0},"end":{"line":32,"column":5}},"32":{"start":{"line":33,"column":0},"end":{"line":33,"column":1}},"33":{"start":{"line":34,"column":0},"end":{"line":34,"column":0}},"34":{"start":{"line":35,"column":0},"end":{"line":35,"column":16}}},"s":{"0":1,"1":1,"2":11,"3":11,"4":11,"5":11,"6":11,"7":1,"8":1,"9":10,"10":10,"11":10,"12":1,"13":1,"14":10,"15":1,"16":1,"17":10,"18":1,"19":1,"20":10,"21":1,"22":1,"23":10,"24":1,"25":1,"26":10,"27":1,"28":1,"29":10,"30":10,"31":10,"32":1,"33":1,"34":1},"branchMap":{"0":{"type":"branch","line":2,"loc":{"start":{"line":2,"column":4},"end":{"line":7,"column":5}},"locations":[{"start":{"line":2,"column":4},"end":{"line":7,"column":5}}]},"1":{"type":"branch","line":9,"loc":{"start":{"line":9,"column":4},"end":{"line":32,"column":5}},"locations":[{"start":{"line":9,"column":4},"end":{"line":32,"column":5}}]},"2":{"type":"branch","line":12,"loc":{"start":{"line":12,"column":39},"end":{"line":14,"column":9}},"locations":[{"start":{"line":12,"column":39},"end":{"line":14,"column":9}}]},"3":{"type":"branch","line":15,"loc":{"start":{"line":15,"column":48},"end":{"line":15,"column":78}},"locations":[{"start":{"line":15,"column":48},"end":{"line":15,"column":78}}]},"4":{"type":"branch","line":15,"loc":{"start":{"line":15,"column":78},"end":{"line":15,"column":113}},"locations":[{"start":{"line":15,"column":78},"end":{"line":15,"column":113}}]},"5":{"type":"branch","line":15,"loc":{"start":{"line":15,"column":115},"end":{"line":17,"column":9}},"locations":[{"start":{"line":15,"column":115},"end":{"line":17,"column":9}}]},"6":{"type":"branch","line":18,"loc":{"start":{"line":18,"column":48},"end":{"line":18,"column":82}},"locations":[{"start":{"line":18,"column":48},"end":{"line":18,"column":82}}]},"7":{"type":"branch","line":18,"loc":{"start":{"line":18,"column":84},"end":{"line":20,"column":9}},"locations":[{"start":{"line":18,"column":84},"end":{"line":20,"column":9}}]},"8":{"type":"branch","line":21,"loc":{"start":{"line":21,"column":37},"end":{"line":23,"column":9}},"locations":[{"start":{"line":21,"column":37},"end":{"line":23,"column":9}}]},"9":{"type":"branch","line":24,"loc":{"start":{"line":24,"column":46},"end":{"line":24,"column":74}},"locations":[{"start":{"line":24,"column":46},"end":{"line":24,"column":74}}]},"10":{"type":"branch","line":24,"loc":{"start":{"line":24,"column":74},"end":{"line":24,"column":107}},"locations":[{"start":{"line":24,"column":74},"end":{"line":24,"column":107}}]},"11":{"type":"branch","line":24,"loc":{"start":{"line":24,"column":109},"end":{"line":26,"column":9}},"locations":[{"start":{"line":24,"column":109},"end":{"line":26,"column":9}}]},"12":{"type":"branch","line":27,"loc":{"start":{"line":27,"column":46},"end":{"line":27,"column":78}},"locations":[{"start":{"line":27,"column":46},"end":{"line":27,"column":78}}]},"13":{"type":"branch","line":27,"loc":{"start":{"line":27,"column":80},"end":{"line":29,"column":9}},"locations":[{"start":{"line":27,"column":80},"end":{"line":29,"column":9}}]}},"b":{"0":[11],"1":[10],"2":[1],"3":[3],"4":[2],"5":[1],"6":[7],"7":[1],"8":[1],"9":[3],"10":[2],"11":[1],"12":[7],"13":[1]},"fnMap":{"0":{"name":"Voto","decl":{"start":{"line":2,"column":4},"end":{"line":7,"column":5}},"loc":{"start":{"line":2,"column":4},"end":{"line":7,"column":5}},"line":2},"1":{"name":"validar","decl":{"start":{"line":9,"column":4},"end":{"line":32,"column":5}},"loc":{"start":{"line":9,"column":4},"end":{"line":32,"column":5}},"line":9}},"f":{"0":11,"1":10}}
}
