TN:
SF:entidades\Candidato.js
FN:2,Candidato
FN:10,validarNome
FN:31,validarPartido
FN:45,validarNumero
FN:61,validarURLImagem
FN:75,validarDataNascimento
FN:89,validar
FNF:7
FNH:7
FNDA:58,Candidato
FNDA:52,validarNome
FNDA:52,validarPartido
FNDA:52,validarNumero
FNDA:52,validarURLImagem
FNDA:52,validarDataNascimento
FNDA:52,validar
DA:1,1
DA:2,1
DA:3,58
DA:4,58
DA:5,58
DA:6,58
DA:7,58
DA:8,58
DA:9,1
DA:10,1
DA:11,52
DA:12,52
DA:13,52
DA:14,4
DA:15,52
DA:16,2
DA:17,48
DA:18,2
DA:19,46
DA:20,2
DA:21,44
DA:22,42
DA:23,42
DA:24,3
DA:25,3
DA:26,42
DA:27,52
DA:28,52
DA:29,52
DA:30,1
DA:31,1
DA:32,52
DA:33,52
DA:34,52
DA:35,2
DA:36,52
DA:37,2
DA:38,50
DA:39,2
DA:40,2
DA:41,52
DA:42,52
DA:43,52
DA:44,1
DA:45,1
DA:46,52
DA:47,52
DA:48,52
DA:49,2
DA:50,52
DA:51,2
DA:52,50
DA:53,2
DA:54,48
DA:55,2
DA:56,2
DA:57,52
DA:58,52
DA:59,52
DA:60,1
DA:61,1
DA:62,52
DA:63,52
DA:64,52
DA:65,2
DA:66,52
DA:67,2
DA:68,50
DA:69,2
DA:70,2
DA:71,52
DA:72,52
DA:73,52
DA:74,1
DA:75,1
DA:76,52
DA:77,52
DA:78,52
DA:79,4
DA:80,4
DA:81,52
DA:82,52
DA:83,5
DA:84,5
DA:85,52
DA:86,52
DA:87,52
DA:88,1
DA:89,1
DA:90,52
DA:91,52
DA:92,52
DA:93,52
DA:94,52
DA:95,52
DA:96,52
DA:97,52
DA:98,52
DA:99,1
DA:100,1
DA:101,1
LF:101
LH:101
BRDA:2,0,0,58
BRDA:10,1,0,52
BRDA:13,2,0,4
BRDA:15,3,0,48
BRDA:15,4,0,2
BRDA:17,5,0,46
BRDA:17,6,0,2
BRDA:19,7,0,44
BRDA:19,8,0,2
BRDA:21,9,0,42
BRDA:23,10,0,3
BRDA:31,11,0,52
BRDA:34,12,0,2
BRDA:36,13,0,50
BRDA:36,14,0,2
BRDA:38,15,0,48
BRDA:38,16,0,2
BRDA:45,17,0,52
BRDA:48,18,0,2
BRDA:50,19,0,50
BRDA:50,20,0,2
BRDA:52,21,0,48
BRDA:52,22,0,2
BRDA:54,23,0,46
BRDA:54,24,0,2
BRDA:61,25,0,52
BRDA:64,26,0,2
BRDA:66,27,0,50
BRDA:66,28,0,2
BRDA:68,29,0,48
BRDA:68,30,0,2
BRDA:75,31,0,52
BRDA:78,32,0,4
BRDA:82,33,0,5
BRDA:89,34,0,52
BRF:35
BRH:35
end_of_record
TN:
SF:entidades\Deputado.js
FN:4,Deputado
FN:9,validar
FNF:2
FNH:2
FNDA:22,Deputado
FNDA:21,validar
DA:1,1
DA:2,1
DA:3,1
DA:4,1
DA:5,22
DA:6,22
DA:7,22
DA:8,1
DA:9,1
DA:10,21
DA:11,21
DA:12,21
DA:13,5
DA:14,5
DA:15,21
DA:16,21
DA:17,21
DA:18,21
DA:19,21
DA:20,21
DA:21,21
DA:22,21
DA:23,21
DA:24,20
DA:25,21
DA:26,2
DA:27,2
DA:28,21
DA:29,21
DA:30,21
DA:31,1
DA:32,1
DA:33,1
DA:34,1
LF:34
LH:34
BRDA:4,0,0,22
BRDA:9,1,0,21
BRDA:12,2,0,5
BRDA:23,3,0,20
BRDA:24,4,0,18
BRDA:24,5,0,17
BRDA:25,6,0,2
BRF:7
BRH:7
end_of_record
TN:
SF:entidades\Presidente.js
FN:4,Presidente
FN:9,validar
FN:34,adicionarVicePresidente
FNF:3
FNH:3
FNDA:10,Presidente
FNDA:7,validar
FNDA:2,adicionarVicePresidente
DA:1,1
DA:2,1
DA:3,1
DA:4,1
DA:5,10
DA:6,10
DA:7,10
DA:8,1
DA:9,1
DA:10,7
DA:11,7
DA:12,7
DA:13,2
DA:14,2
DA:15,7
DA:16,7
DA:17,7
DA:18,7
DA:19,7
DA:20,7
DA:21,7
DA:22,7
DA:23,7
DA:24,7
DA:25,6
DA:26,7
DA:27,2
DA:28,2
DA:29,7
DA:30,7
DA:31,7
DA:32,7
DA:33,1
DA:34,1
DA:35,2
DA:36,1
DA:37,1
DA:38,1
DA:39,1
DA:40,1
DA:41,1
DA:42,1
DA:43,1
DA:44,1
DA:45,1
DA:46,1
LF:46
LH:46
BRDA:4,0,0,10
BRDA:9,1,0,7
BRDA:12,2,0,2
BRDA:24,3,0,6
BRDA:25,4,0,2
BRDA:25,5,0,1
BRDA:26,6,0,2
BRDA:34,7,0,2
BRDA:35,8,0,1
BRF:9
BRH:9
end_of_record
TN:
SF:entidades\Relatorio.js
FN:2,Relatorio
FN:9,validar
FN:34,validateTituloEleitor
FNF:3
FNH:3
FNDA:8,Relatorio
FNDA:8,validar
FNDA:8,validateTituloEleitor
DA:1,1
DA:2,1
DA:3,8
DA:4,8
DA:5,8
DA:6,8
DA:7,1
DA:8,1
DA:9,1
DA:10,8
DA:11,8
DA:12,1
DA:13,8
DA:14,1
DA:15,7
DA:16,1
DA:17,6
DA:18,1
DA:19,1
DA:20,8
DA:21,8
DA:22,8
DA:23,8
DA:24,8
DA:25,8
DA:26,8
DA:27,8
DA:28,8
DA:29,8
DA:30,8
DA:31,8
DA:32,8
DA:33,1
DA:34,1
DA:35,8
DA:36,8
DA:37,8
DA:38,8
DA:39,8
DA:40,8
DA:41,8
DA:42,1
DA:43,1
DA:44,8
DA:45,8
DA:46,8
DA:47,8
DA:48,8
DA:49,8
DA:50,7
DA:51,7
DA:52,8
DA:53,8
DA:54,8
DA:55,8
DA:56,64
DA:57,64
DA:58,8
DA:59,8
DA:60,0
DA:61,0
DA:62,0
DA:63,0
DA:64,0
DA:65,8
DA:66,8
DA:67,8
DA:68,8
DA:69,8
DA:70,8
DA:71,8
DA:72,8
DA:73,8
DA:74,8
DA:75,8
DA:76,16
DA:77,16
DA:78,8
DA:79,8
DA:80,0
DA:81,0
DA:82,0
DA:83,0
DA:84,0
DA:85,8
DA:86,8
DA:87,8
DA:88,8
DA:89,8
DA:90,8
DA:91,8
DA:92,8
DA:93,8
DA:94,8
DA:95,8
DA:96,8
DA:97,8
DA:98,1
DA:99,1
LF:99
LH:89
BRDA:2,0,0,8
BRDA:9,1,0,8
BRDA:11,2,0,1
BRDA:13,3,0,7
BRDA:13,4,0,1
BRDA:15,5,0,6
BRDA:15,6,0,5
BRDA:15,7,0,1
BRDA:17,8,0,5
BRDA:17,9,0,1
BRDA:34,10,0,8
BRDA:41,11,0,1
BRDA:49,12,0,7
BRDA:55,13,0,64
BRDA:59,14,0,0
BRDA:75,15,0,16
BRDA:79,16,0,0
BRF:17
BRH:15
end_of_record
TN:
SF:entidades\Voto.js
FN:2,Voto
FN:9,validar
FNF:2
FNH:2
FNDA:11,Voto
FNDA:10,validar
DA:1,1
DA:2,1
DA:3,11
DA:4,11
DA:5,11
DA:6,11
DA:7,11
DA:8,1
DA:9,1
DA:10,10
DA:11,10
DA:12,10
DA:13,1
DA:14,1
DA:15,10
DA:16,1
DA:17,1
DA:18,10
DA:19,1
DA:20,1
DA:21,10
DA:22,1
DA:23,1
DA:24,10
DA:25,1
DA:26,1
DA:27,10
DA:28,1
DA:29,1
DA:30,10
DA:31,10
DA:32,10
DA:33,1
DA:34,1
DA:35,1
LF:35
LH:35
BRDA:2,0,0,11
BRDA:9,1,0,10
BRDA:12,2,0,1
BRDA:15,3,0,3
BRDA:15,4,0,2
BRDA:15,5,0,1
BRDA:18,6,0,7
BRDA:18,7,0,1
BRDA:21,8,0,1
BRDA:24,9,0,3
BRDA:24,10,0,2
BRDA:24,11,0,1
BRDA:27,12,0,7
BRDA:27,13,0,1
BRF:14
BRH:14
end_of_record
